<?xml version="1.0" encoding="UTF-8"?>
<!-- Generated by org.testng.reporters.JUnitXMLReporter -->
<testsuite ignored="0" hostname="VIVEK" failures="0" tests="4" name="TestNg" time="38.429" errors="0" timestamp="2023-06-21T19:17:18 EDT">
  <testcase classname="testcases.LoginTest" name="title" time="0.029"/>
  <testcase classname="testcases.LoginTest" name="login" time="0.275"/>
  <testcase classname="testcases.LoginTest" name="login" time="0.234"/>
  <testcase classname="testcases.LoginTest" name="login" time="0.289"/>
</testsuite> <!-- TestNg -->
