<?xml version="1.0" encoding="UTF-8"?>
<!-- Generated by org.testng.reporters.JUnitXMLReporter -->
<testsuite ignored="0" hostname="VIVEK" failures="0" tests="4" name="Default test" time="42.41" errors="0" timestamp="2023-06-21T19:10:17 EDT">
  <testcase classname="testcases.LoginTest" name="title" time="0.022"/>
  <testcase classname="testcases.LoginTest" name="login" time="0.315"/>
  <testcase classname="testcases.LoginTest" name="login" time="0.475"/>
  <testcase classname="testcases.LoginTest" name="login" time="0.441"/>
</testsuite> <!-- Default test -->
