<?xml version="1.0" encoding="UTF-8"?>
<testng-results ignored="0" total="4" passed="4" failed="0" skipped="0">
  <reporter-output>
  </reporter-output>
  <suite started-at="2023-06-21T19:16:40 EDT" name="OrangeHRM" finished-at="2023-06-21T19:17:18 EDT" duration-ms="38429">
    <groups>
    </groups>
    <test started-at="2023-06-21T19:16:40 EDT" name="TestNg" finished-at="2023-06-21T19:17:18 EDT" duration-ms="38429">
      <class name="testcases.LoginTest">
        <test-method is-config="true" signature="callmethod()[pri:0, instance:testcases.LoginTest@4562e04d]" started-at="2023-06-21T19:16:40 EDT" name="callmethod" finished-at="2023-06-21T19:16:49 EDT" duration-ms="9779" status="PASS">
          <reporter-output>
          </reporter-output>
        </test-method> <!-- callmethod -->
        <test-method signature="title()[pri:1, instance:testcases.LoginTest@4562e04d]" started-at="2023-06-21T19:16:49 EDT" name="title" finished-at="2023-06-21T19:16:49 EDT" duration-ms="29" status="PASS">
          <reporter-output>
          </reporter-output>
        </test-method> <!-- title -->
        <test-method is-config="true" signature="closebrowser()[pri:0, instance:testcases.LoginTest@4562e04d]" started-at="2023-06-21T19:16:49 EDT" name="closebrowser" finished-at="2023-06-21T19:16:50 EDT" duration-ms="211" status="PASS">
          <reporter-output>
          </reporter-output>
        </test-method> <!-- closebrowser -->
        <test-method is-config="true" signature="callmethod()[pri:0, instance:testcases.LoginTest@4562e04d]" started-at="2023-06-21T19:16:51 EDT" name="callmethod" finished-at="2023-06-21T19:17:00 EDT" duration-ms="9037" status="PASS">
          <reporter-output>
          </reporter-output>
        </test-method> <!-- callmethod -->
        <test-method signature="login(java.lang.String,java.lang.String)[pri:2, instance:testcases.LoginTest@4562e04d]" started-at="2023-06-21T19:17:00 EDT" name="login" data-provider="details" finished-at="2023-06-21T19:17:00 EDT" duration-ms="275" status="PASS">
          <params>
            <param index="0">
              <value>
                <![CDATA[Admin]]>
              </value>
            </param>
            <param index="1">
              <value>
                <![CDATA[admin123]]>
              </value>
            </param>
          </params>
          <reporter-output>
          </reporter-output>
        </test-method> <!-- login -->
        <test-method is-config="true" signature="closebrowser()[pri:0, instance:testcases.LoginTest@4562e04d]" started-at="2023-06-21T19:17:00 EDT" name="closebrowser" finished-at="2023-06-21T19:17:01 EDT" duration-ms="227" status="PASS">
          <reporter-output>
          </reporter-output>
        </test-method> <!-- closebrowser -->
        <test-method is-config="true" signature="callmethod()[pri:0, instance:testcases.LoginTest@4562e04d]" started-at="2023-06-21T19:17:01 EDT" name="callmethod" finished-at="2023-06-21T19:17:09 EDT" duration-ms="8232" status="PASS">
          <reporter-output>
          </reporter-output>
        </test-method> <!-- callmethod -->
        <test-method signature="login(java.lang.String,java.lang.String)[pri:2, instance:testcases.LoginTest@4562e04d]" started-at="2023-06-21T19:17:09 EDT" name="login" data-provider="details" finished-at="2023-06-21T19:17:09 EDT" duration-ms="234" status="PASS">
          <params>
            <param index="0">
              <value>
                <![CDATA[scott]]>
              </value>
            </param>
            <param index="1">
              <value>
                <![CDATA[scott121]]>
              </value>
            </param>
          </params>
          <reporter-output>
          </reporter-output>
        </test-method> <!-- login -->
        <test-method is-config="true" signature="closebrowser()[pri:0, instance:testcases.LoginTest@4562e04d]" started-at="2023-06-21T19:17:09 EDT" name="closebrowser" finished-at="2023-06-21T19:17:09 EDT" duration-ms="240" status="PASS">
          <reporter-output>
          </reporter-output>
        </test-method> <!-- closebrowser -->
        <test-method is-config="true" signature="callmethod()[pri:0, instance:testcases.LoginTest@4562e04d]" started-at="2023-06-21T19:17:09 EDT" name="callmethod" finished-at="2023-06-21T19:17:17 EDT" duration-ms="8041" status="PASS">
          <reporter-output>
          </reporter-output>
        </test-method> <!-- callmethod -->
        <test-method signature="login(java.lang.String,java.lang.String)[pri:2, instance:testcases.LoginTest@4562e04d]" started-at="2023-06-21T19:17:17 EDT" name="login" data-provider="details" finished-at="2023-06-21T19:17:18 EDT" duration-ms="289" status="PASS">
          <params>
            <param index="0">
              <value>
                <![CDATA[jay]]>
              </value>
            </param>
            <param index="1">
              <value>
                <![CDATA[jay111]]>
              </value>
            </param>
          </params>
          <reporter-output>
          </reporter-output>
        </test-method> <!-- login -->
        <test-method is-config="true" signature="closebrowser()[pri:0, instance:testcases.LoginTest@4562e04d]" started-at="2023-06-21T19:17:18 EDT" name="closebrowser" finished-at="2023-06-21T19:17:18 EDT" duration-ms="234" status="PASS">
          <reporter-output>
          </reporter-output>
        </test-method> <!-- closebrowser -->
      </class> <!-- testcases.LoginTest -->
    </test> <!-- TestNg -->
  </suite> <!-- OrangeHRM -->
</testng-results>
